<?xml version="1.0" encoding="UTF-8"?>
<!-- Generated by org.testng.reporters.JUnitXMLReporter -->
<testsuite ignored="0" hostname="DESKTOP-8BL3MIG" failures="1" tests="3" name="Test1" time="58.195" errors="0" timestamp="2024-12-10T18:31:06 PKT">
  <testcase classname="video451.XMLSerialExecution" name="testLogo" time="48.146">
    <failure type="java.lang.AssertionError" message="expected [true] but found [false]">
      <![CDATA[java.lang.AssertionError: expected [true] but found [false]
at video451.XMLSerialExecution.testLogo(XMLSerialExecution.java:38)
at java.base/java.util.ArrayList.forEach(ArrayList.java:1597)
at java.base/java.util.concurrent.FutureTask.run(FutureTask.java:317)
at java.base/java.util.concurrent.ThreadPoolExecutor.runWorker(ThreadPoolExecutor.java:1144)
at java.base/java.util.concurrent.ThreadPoolExecutor$Worker.run(ThreadPoolExecutor.java:642)
at java.base/java.lang.Thread.run(Thread.java:1570)
... Removed 22 stack frames]]>
    </failure>
  </testcase> <!-- testLogo -->
  <testcase classname="video451.XMLSerialExecution" name="testTitle" time="0.031"/>
  <testcase classname="video451.XMLSerialExecution" name="testUrl" time="0.027"/>
</testsuite> <!-- Test1 -->
