<?xml version="1.0" encoding="UTF-8"?>
<testng-results ignored="0" total="1" passed="1" failed="0" skipped="0">
  <reporter-output>
  </reporter-output>
  <suite started-at="2024-12-11T08:16:00 PKT" name="Suite" finished-at="2024-12-11T08:16:10 PKT" duration-ms="9413">
    <groups>
    </groups>
    <test started-at="2024-12-11T08:16:00 PKT" name="Test" finished-at="2024-12-11T08:16:10 PKT" duration-ms="9413">
      <class name="video471.TestCaseClass">
        <test-method is-config="true" signature="setup()[pri:0, instance:video471.TestCaseClass@8f4ea7c]" started-at="2024-12-11T08:16:00 PKT" name="setup" finished-at="2024-12-11T08:16:06 PKT" duration-ms="5918" status="PASS">
          <reporter-output>
          </reporter-output>
        </test-method> <!-- setup -->
        <test-method signature="login()[pri:0, instance:video471.TestCaseClass@8f4ea7c]" started-at="2024-12-11T08:16:06 PKT" name="login" finished-at="2024-12-11T08:16:09 PKT" duration-ms="3330" status="PASS">
          <reporter-output>
          </reporter-output>
        </test-method> <!-- login -->
        <test-method is-config="true" signature="teardown()[pri:0, instance:video471.TestCaseClass@8f4ea7c]" started-at="2024-12-11T08:16:09 PKT" name="teardown" finished-at="2024-12-11T08:16:10 PKT" duration-ms="117" status="PASS">
          <reporter-output>
          </reporter-output>
        </test-method> <!-- teardown -->
      </class> <!-- video471.TestCaseClass -->
    </test> <!-- Test -->
  </suite> <!-- Suite -->
</testng-results>
